<?xml version="1.0" encoding="UTF-8"?>
<!-- Generated by org.testng.reporters.JUnitReportReporter -->
<testsuite hostname="Roshal" failures="0" tests="9" name="helperAttributes.DataProviderExcel" time="44.169" errors="0" timestamp="2025-07-14T07:29:35 IST" skipped="0">
  <testcase classname="helperAttributes.DataProviderExcel" name="login" time="4.399"/>
  <testcase classname="helperAttributes.DataProviderExcel" name="login" time="6.708"/>
  <testcase classname="helperAttributes.DataProviderExcel" name="login" time="4.526"/>
  <testcase classname="helperAttributes.DataProviderExcel" name="login" time="5.103"/>
  <testcase classname="helperAttributes.DataProviderExcel" name="login" time="4.245"/>
  <testcase classname="helperAttributes.DataProviderExcel" name="login" time="4.259"/>
  <testcase classname="helperAttributes.DataProviderExcel" name="login" time="6.360"/>
  <testcase classname="helperAttributes.DataProviderExcel" name="login" time="4.013"/>
  <testcase classname="helperAttributes.DataProviderExcel" name="login" time="4.556"/>
</testsuite> <!-- helperAttributes.DataProviderExcel -->
