<?xml version="1.0" encoding="UTF-8"?>
<!-- Generated by org.testng.reporters.JUnitReportReporter -->
<testsuite hostname="Roshal" failures="0" tests="6" name="helperAttributes.ThreadPoolSize" time="43.622" errors="0" timestamp="2025-07-21T12:10:24 IST" skipped="0">
  <testcase classname="helperAttributes.ThreadPoolSize" name="login" time="8.458">
    <system-out>
      <![CDATA[login executed]]>
    </system-out>
  </testcase> <!-- login -->
  <testcase classname="helperAttributes.ThreadPoolSize" name="login" time="6.086">
    <system-out>
      <![CDATA[login executed]]>
    </system-out>
  </testcase> <!-- login -->
  <testcase classname="helperAttributes.ThreadPoolSize" name="login" time="6.083">
    <system-out>
      <![CDATA[login executed]]>
    </system-out>
  </testcase> <!-- login -->
  <testcase classname="helperAttributes.ThreadPoolSize" name="login" time="8.453">
    <system-out>
      <![CDATA[login executed]]>
    </system-out>
  </testcase> <!-- login -->
  <testcase classname="helperAttributes.ThreadPoolSize" name="login" time="8.510">
    <system-out>
      <![CDATA[login executed]]>
    </system-out>
  </testcase> <!-- login -->
  <testcase classname="helperAttributes.ThreadPoolSize" name="login" time="6.032">
    <system-out>
      <![CDATA[login executed]]>
    </system-out>
  </testcase> <!-- login -->
  <system-out>
    <![CDATA[login executed
login executed
login executed
login executed
login executed
login executed]]>
  </system-out>
</testsuite> <!-- helperAttributes.ThreadPoolSize -->
