<?xml version="1.0" encoding="UTF-8"?>
<!-- Generated by org.testng.reporters.JUnitReportReporter -->
<testsuite hostname="Roshal" failures="0" tests="3" name="helperAttributes.Priority" time="0.029" errors="0" timestamp="2025-07-12T07:19:18 IST" skipped="0">
  <testcase classname="helperAttributes.Priority" name="bookmyshow" time="0.020">
    <system-out>
      <![CDATA[bms executed]]>
    </system-out>
  </testcase> <!-- bookmyshow -->
  <testcase classname="helperAttributes.Priority" name="amazon" time="0.007">
    <system-out>
      <![CDATA[amazon executed]]>
    </system-out>
  </testcase> <!-- amazon -->
  <testcase classname="helperAttributes.Priority" name="flipkart" time="0.002">
    <system-out>
      <![CDATA[flipkart executed]]>
    </system-out>
  </testcase> <!-- flipkart -->
  <system-out>
    <![CDATA[bms executed
amazon executed
flipkart executed]]>
  </system-out>
</testsuite> <!-- helperAttributes.Priority -->
