<?xml version="1.0" encoding="UTF-8"?>
<!-- Generated by org.testng.reporters.JUnitReportReporter -->
<testsuite hostname="Roshal" failures="0" tests="3" name="helperAttributes.Enabled" time="0.027" errors="0" timestamp="2025-07-12T07:56:56 IST" skipped="1">
  <testcase classname="helperAttributes.Enabled" name="a11" time="0.003">
    <system-out>
      <![CDATA[a11 done]]>
    </system-out>
  </testcase> <!-- a11 -->
  <testcase classname="helperAttributes.Enabled" name="a10" time="0.024">
    <system-out>
      <![CDATA[a10 executed]]>
    </system-out>
  </testcase> <!-- a10 -->
  <testcase classname="helperAttributes.Enabled" name="a22">
    <skipped/>
  </testcase> <!-- a22 -->
  <system-out>
    <![CDATA[a10 executed
a11 done]]>
  </system-out>
</testsuite> <!-- helperAttributes.Enabled -->
