<?xml version="1.0" encoding="UTF-8"?>
<!-- Generated by org.testng.reporters.JUnitReportReporter -->
<testsuite hostname="Roshal" failures="0" tests="3" name="helperAttributes.InvocationCount" time="18.304" errors="0" timestamp="2025-07-12T07:29:47 IST" skipped="0">
  <testcase classname="helperAttributes.InvocationCount" name="login" time="8.782">
    <system-out>
      <![CDATA[execution done]]>
    </system-out>
  </testcase> <!-- login -->
  <testcase classname="helperAttributes.InvocationCount" name="login" time="4.797">
    <system-out>
      <![CDATA[execution done]]>
    </system-out>
  </testcase> <!-- login -->
  <testcase classname="helperAttributes.InvocationCount" name="login" time="4.725">
    <system-out>
      <![CDATA[execution done]]>
    </system-out>
  </testcase> <!-- login -->
  <system-out>
    <![CDATA[execution done
execution done
execution done]]>
  </system-out>
</testsuite> <!-- helperAttributes.InvocationCount -->
